[ERROR SQL]
SELECT count(1) FROM xinhu_goods WHERE `id`<>0 and `typeid`=一般物品 and `name`='111' and ifnull(`guige`,'')='111' and ifnull(`xinghao`,'')='111'

[Reason]
Unknown column '一般物品' in 'where clause'

[URL]
http://oatest.guanruigroup.com:9595/index.php?a=save&m=mode_goods|input&d=flow&ajaxbool=true&rnd=508709

[POST]
[id]：0
[num]：100
[name]：111
[typeid]：一般物品
[guige]：111
[xinghao]：111
[price]：111
[unit]：件
[explain]：111
[sysmodeid]：83
[sysmodenum]：goods

[IP]
116.224.60.208

[datetime]
2018-08-09 09:24:12

[Browser]
Mozilla/5.0 (Windows NT 10.0; WOW64) AppleWebKit/537.36 (KHTML, like Gecko) Chrome/55.0.2883.87 Safari/537.36