[ERROR SQL]
SELECT count(1) FROM xinhu_goods WHERE `id`<>0 and `typeid`=一般物品 and `name`='微擎' and ifnull(`guige`,'')='驱蚊器二' and ifnull(`xinghao`,'')='1ssss'

[Reason]
Unknown column '一般物品' in 'where clause'

[URL]
http://oatest.guanruigroup.com:9595/index.php?a=save&m=mode_goods|input&d=flow&ajaxbool=true&rnd=708813

[POST]
[id]：0
[num]：weexx-002
[name]：微擎
[typeid]：一般物品
[guige]：驱蚊器二
[xinghao]：1ssss
[price]：2000
[unit]：台
[stockcs]：111
[sysmodeid]：83
[sysmodenum]：goods

[IP]
116.224.60.208

[datetime]
2018-08-09 13:30:52

[Browser]
Mozilla/5.0 (Windows NT 6.1; WOW64) AppleWebKit/537.36 (KHTML, like Gecko) Chrome/66.0.3359.139 Safari/537.36