[ERROR SQL]
SELECT count(1) FROM xinhu_goods WHERE `id`<>0 and `typeid`=一般物品 and `name`='资产测试' and ifnull(`guige`,'')='测试' and ifnull(`xinghao`,'')='测试'

[Reason]
Unknown column '一般物品' in 'where clause'

[URL]
http://oatest.guanruigroup.com:9595/index.php?a=save&m=mode_goods|input&d=flow&ajaxbool=true&rnd=315824

[POST]
[id]：0
[num]：w00001
[name]：资产测试
[typeid]：一般物品
[guige]：测试
[xinghao]：测试
[price]：1000
[unit]：台
[explain]：11111
[sysmodeid]：83
[sysmodenum]：goods

[IP]
116.224.60.208

[datetime]
2018-08-09 09:21:16

[Browser]
Mozilla/5.0 (Windows NT 10.0; WOW64) AppleWebKit/537.36 (KHTML, like Gecko) Chrome/55.0.2883.87 Safari/537.36