[ERROR SQL]
SELECT count(1) FROM xinhu_goods WHERE `id`<>0 and `typeid`=固定资产 and `name`='笔记本电脑' and ifnull(`guige`,'')='265' and ifnull(`xinghao`,'')='E3'

[Reason]
Unknown column '固定资产' in 'where clause'

[URL]
http://oatest.guanruigroup.com:9595/index.php?a=save&m=mode_goods|input&d=flow&ajaxbool=true&rnd=782314

[POST]
[id]：0
[num]：guo001
[name]：笔记本电脑
[typeid]：固定资产
[guige]：265
[xinghao]：E3
[price]：1000
[unit]：台
[stockcs]：10
[sysmodeid]：83
[sysmodenum]：goods

[IP]
116.224.60.208

[datetime]
2018-08-09 11:55:14

[Browser]
Mozilla/5.0 (Windows NT 10.0; WOW64) AppleWebKit/537.36 (KHTML, like Gecko) Chrome/55.0.2883.87 Safari/537.36