[ERROR SQL]
SELECT count(1) FROM xinhu_goods WHERE `id`<>0 and `typeid`=一般物品 and `name`='办公笔记本' and ifnull(`guige`,'')='台式' and ifnull(`xinghao`,'')='dell  440'

[Reason]
Unknown column '一般物品' in 'where clause'

[URL]
http://oatest.guanruigroup.com:9595/index.php?a=save&m=mode_goods|input&d=flow&ajaxbool=true&rnd=419192

[POST]
[id]：0
[num]：WI-00001
[name]：办公笔记本
[typeid]：一般物品
[guige]：台式
[xinghao]：dell  440
[price]：5600
[unit]：台
[stockcs]：11
[sysmodeid]：83
[sysmodenum]：goods

[IP]
116.224.60.208

[datetime]
2018-08-09 14:01:18

[Browser]
Mozilla/5.0 (Windows NT 6.1; WOW64) AppleWebKit/537.36 (KHTML, like Gecko) Chrome/66.0.3359.139 Safari/537.36